

============================== 2022-07-22 07:07:56.725904 | a84a1e93-c836-4f6c-a45d-d6fec5b4a02d ==============================
07:07:56.725904 [info ] [MainThread]: Running with dbt=1.0.1
07:07:56.725904 [debug] [MainThread]: running dbt with arguments Namespace(record_timing_info=None, debug=None, log_format=None, write_json=None, use_colors=None, printer_width=None, warn_error=None, version_check=None, partial_parse=None, single_threaded=False, use_experimental_parser=None, static_parser=None, profiles_dir='C:\\Users\\tkirschke\\.dbt', send_anonymous_usage_stats=None, fail_fast=None, event_buffer_size=None, project_dir=None, profile=None, target=None, vars='{}', log_cache_events=False, config_dir=False, defer=None, state=None, cls=<class 'dbt.task.debug.DebugTask'>, which='debug', rpc_method=None)
07:07:56.727904 [debug] [MainThread]: Tracking: tracking
07:07:56.727904 [debug] [MainThread]: Sending event: {'category': 'dbt', 'action': 'invocation', 'label': 'start', 'context': [<snowplow_tracker.self_describing_json.SelfDescribingJson object at 0x000001B2ED9E7AC0>, <snowplow_tracker.self_describing_json.SelfDescribingJson object at 0x000001B2ED9E7130>, <snowplow_tracker.self_describing_json.SelfDescribingJson object at 0x000001B2ED9E79D0>]}
07:08:00.027311 [debug] [MainThread]: Executing "git --help"
07:08:00.150172 [debug] [MainThread]: STDOUT: "b"usage: git [--version] [--help] [-C <path>] [-c <name>=<value>]\n           [--exec-path[=<path>]] [--html-path] [--man-path] [--info-path]\n           [-p | --paginate | -P | --no-pager] [--no-replace-objects] [--bare]\n           [--git-dir=<path>] [--work-tree=<path>] [--namespace=<name>]\n           [--super-prefix=<path>] [--config-env=<name>=<envvar>]\n           <command> [<args>]\n\nThese are common Git commands used in various situations:\n\nstart a working area (see also: git help tutorial)\n   clone             Clone a repository into a new directory\n   init              Create an empty Git repository or reinitialize an existing one\n\nwork on the current change (see also: git help everyday)\n   add               Add file contents to the index\n   mv                Move or rename a file, a directory, or a symlink\n   restore           Restore working tree files\n   rm                Remove files from the working tree and from the index\n   sparse-checkout   Initialize and modify the sparse-checkout\n\nexamine the history and state (see also: git help revisions)\n   bisect            Use binary search to find the commit that introduced a bug\n   diff              Show changes between commits, commit and working tree, etc\n   grep              Print lines matching a pattern\n   log               Show commit logs\n   show              Show various types of objects\n   status            Show the working tree status\n\ngrow, mark and tweak your common history\n   branch            List, create, or delete branches\n   commit            Record changes to the repository\n   merge             Join two or more development histories together\n   rebase            Reapply commits on top of another base tip\n   reset             Reset current HEAD to the specified state\n   switch            Switch branches\n   tag               Create, list, delete or verify a tag object signed with GPG\n\ncollaborate (see also: git help workflows)\n   fetch             Download objects and refs from another repository\n   pull              Fetch from and integrate with another repository or a local branch\n   push              Update remote refs along with associated objects\n\n'git help -a' and 'git help -g' list available subcommands and some\nconcept guides. See 'git help <command>' or 'git help <concept>'\nto read about a specific subcommand or concept.\nSee 'git help git' for an overview of the system.\n""
07:08:00.150172 [debug] [MainThread]: STDERR: "b''"
07:08:00.153628 [debug] [MainThread]: Sending event: {'category': 'dbt', 'action': 'invocation', 'label': 'end', 'context': [<snowplow_tracker.self_describing_json.SelfDescribingJson object at 0x000001B2FD7C1700>, <snowplow_tracker.self_describing_json.SelfDescribingJson object at 0x000001B2FD7C1C70>, <snowplow_tracker.self_describing_json.SelfDescribingJson object at 0x000001B2FD7C1A90>]}
[0m17:49:07.653032 [debug] [MainThread]: Sending event: {'category': 'dbt', 'action': 'invocation', 'label': 'start', 'context': [<snowplow_tracker.self_describing_json.SelfDescribingJson object at 0x000001CCFB1C5C10>, <snowplow_tracker.self_describing_json.SelfDescribingJson object at 0x000001CCF53931D0>, <snowplow_tracker.self_describing_json.SelfDescribingJson object at 0x000001CCFB52A8D0>]}


============================== 17:49:07.657043 | 0595531a-f2fe-4642-8bea-6830d1927301 ==============================
[0m17:49:07.657043 [info ] [MainThread]: Running with dbt=1.5.2
[0m17:49:07.658032 [debug] [MainThread]: running dbt with arguments {'printer_width': '80', 'indirect_selection': 'eager', 'write_json': 'True', 'log_cache_events': 'False', 'partial_parse': 'True', 'cache_selected_only': 'False', 'profiles_dir': 'C:\\Users\\c.mettler\\.dbt', 'version_check': 'True', 'warn_error': 'None', 'log_path': 'c:\\Users\\c.mettler\\source\\repos\\datavault4dbt\\logs', 'debug': 'False', 'fail_fast': 'False', 'use_colors': 'True', 'use_experimental_parser': 'False', 'no_print': 'None', 'quiet': 'False', 'warn_error_options': 'WarnErrorOptions(include=[], exclude=[])', 'static_parser': 'True', 'log_format': 'default', 'introspect': 'True', 'target_path': 'None', 'send_anonymous_usage_stats': 'True'}
[0m17:49:07.664537 [error] [MainThread]: Encountered an error:
Runtime Error
  Could not find profile named 'datavault4dbt'
[0m17:49:07.665538 [debug] [MainThread]: Command `cli compile` failed at 17:49:07.665538 after 0.05 seconds
[0m17:49:07.665538 [debug] [MainThread]: Sending event: {'category': 'dbt', 'action': 'invocation', 'label': 'end', 'context': [<snowplow_tracker.self_describing_json.SelfDescribingJson object at 0x000001CCF5020B50>, <snowplow_tracker.self_describing_json.SelfDescribingJson object at 0x000001CCFB52B8D0>, <snowplow_tracker.self_describing_json.SelfDescribingJson object at 0x000001CCFB5BF150>]}
[0m17:49:07.666539 [debug] [MainThread]: Flushing usage events
[0m16:22:43.599755 [debug] [MainThread]: Sending event: {'category': 'dbt', 'action': 'invocation', 'label': 'start', 'context': [<snowplow_tracker.self_describing_json.SelfDescribingJson object at 0x00000171FF88A410>, <snowplow_tracker.self_describing_json.SelfDescribingJson object at 0x00000171FF94F650>, <snowplow_tracker.self_describing_json.SelfDescribingJson object at 0x00000171FF0F5210>]}


============================== 16:22:43.599755 | 3f5729f7-8487-4a72-99bc-98123140e349 ==============================
[0m16:22:43.599755 [info ] [MainThread]: Running with dbt=1.5.2
[0m16:22:43.599755 [debug] [MainThread]: running dbt with arguments {'printer_width': '80', 'indirect_selection': 'eager', 'log_cache_events': 'False', 'write_json': 'True', 'partial_parse': 'True', 'cache_selected_only': 'False', 'profiles_dir': 'C:\\Users\\c.mettler\\.dbt', 'debug': 'False', 'version_check': 'True', 'log_path': 'c:\\Users\\c.mettler\\source\\repos\\datavault4dbt\\logs', 'fail_fast': 'False', 'warn_error': 'None', 'use_colors': 'True', 'use_experimental_parser': 'False', 'no_print': 'None', 'quiet': 'False', 'log_format': 'default', 'introspect': 'True', 'static_parser': 'True', 'warn_error_options': 'WarnErrorOptions(include=[], exclude=[])', 'target_path': 'None', 'send_anonymous_usage_stats': 'True'}
[0m16:22:43.613862 [error] [MainThread]: Encountered an error:
Runtime Error
  Could not find profile named 'datavault4dbt'
[0m16:22:43.615872 [debug] [MainThread]: Command `cli compile` failed at 16:22:43.615872 after 0.05 seconds
[0m16:22:43.615872 [debug] [MainThread]: Sending event: {'category': 'dbt', 'action': 'invocation', 'label': 'end', 'context': [<snowplow_tracker.self_describing_json.SelfDescribingJson object at 0x00000171FF60CED0>, <snowplow_tracker.self_describing_json.SelfDescribingJson object at 0x00000171FFEF3950>, <snowplow_tracker.self_describing_json.SelfDescribingJson object at 0x00000171FFEF3F90>]}
[0m16:22:43.616899 [debug] [MainThread]: Flushing usage events
[0m16:27:44.069575 [debug] [MainThread]: Sending event: {'category': 'dbt', 'action': 'invocation', 'label': 'start', 'context': [<snowplow_tracker.self_describing_json.SelfDescribingJson object at 0x000001E60B4DA410>, <snowplow_tracker.self_describing_json.SelfDescribingJson object at 0x000001E60B8A1A10>, <snowplow_tracker.self_describing_json.SelfDescribingJson object at 0x000001E60B8BA6D0>]}


============================== 16:27:44.069575 | 52a394be-42d8-4806-aab1-1faa4e23fea4 ==============================
[0m16:27:44.069575 [info ] [MainThread]: Running with dbt=1.5.2
[0m16:27:44.069575 [debug] [MainThread]: running dbt with arguments {'printer_width': '80', 'indirect_selection': 'eager', 'write_json': 'True', 'log_cache_events': 'False', 'partial_parse': 'True', 'cache_selected_only': 'False', 'profiles_dir': 'C:\\Users\\c.mettler\\.dbt', 'version_check': 'True', 'fail_fast': 'False', 'log_path': 'c:\\Users\\c.mettler\\source\\repos\\datavault4dbt\\logs', 'debug': 'False', 'warn_error': 'None', 'use_colors': 'True', 'use_experimental_parser': 'False', 'no_print': 'None', 'quiet': 'False', 'log_format': 'default', 'static_parser': 'True', 'warn_error_options': 'WarnErrorOptions(include=[], exclude=[])', 'introspect': 'True', 'target_path': 'None', 'send_anonymous_usage_stats': 'True'}
[0m16:27:44.085222 [error] [MainThread]: Encountered an error:
Runtime Error
  Could not find profile named 'datavault4dbt'
[0m16:27:44.085222 [debug] [MainThread]: Command `cli compile` failed at 16:27:44.085222 after 0.05 seconds
[0m16:27:44.085222 [debug] [MainThread]: Sending event: {'category': 'dbt', 'action': 'invocation', 'label': 'end', 'context': [<snowplow_tracker.self_describing_json.SelfDescribingJson object at 0x000001E6096C56D0>, <snowplow_tracker.self_describing_json.SelfDescribingJson object at 0x000001E60BDE3F10>, <snowplow_tracker.self_describing_json.SelfDescribingJson object at 0x000001E60B59E250>]}
[0m16:27:44.085222 [debug] [MainThread]: Flushing usage events
[0m16:29:19.839905 [debug] [MainThread]: Sending event: {'category': 'dbt', 'action': 'invocation', 'label': 'start', 'context': [<snowplow_tracker.self_describing_json.SelfDescribingJson object at 0x00000208F50C2410>, <snowplow_tracker.self_describing_json.SelfDescribingJson object at 0x00000208F4D320D0>, <snowplow_tracker.self_describing_json.SelfDescribingJson object at 0x00000208F50C1B90>]}


============================== 16:29:19.839905 | f2b36744-3d92-420a-a81e-0d3df06a3923 ==============================
[0m16:29:19.839905 [info ] [MainThread]: Running with dbt=1.5.2
[0m16:29:19.839905 [debug] [MainThread]: running dbt with arguments {'printer_width': '80', 'indirect_selection': 'eager', 'write_json': 'True', 'log_cache_events': 'False', 'partial_parse': 'True', 'cache_selected_only': 'False', 'profiles_dir': 'C:\\Users\\c.mettler\\.dbt', 'debug': 'False', 'fail_fast': 'False', 'log_path': 'c:\\Users\\c.mettler\\source\\repos\\datavault4dbt\\logs', 'version_check': 'True', 'warn_error': 'None', 'use_colors': 'True', 'use_experimental_parser': 'False', 'no_print': 'None', 'quiet': 'False', 'log_format': 'default', 'static_parser': 'True', 'introspect': 'True', 'warn_error_options': 'WarnErrorOptions(include=[], exclude=[])', 'target_path': 'None', 'send_anonymous_usage_stats': 'True'}
[0m16:29:19.860855 [error] [MainThread]: Encountered an error:
Runtime Error
  Could not find profile named 'datavault4dbt'
[0m16:29:19.861855 [debug] [MainThread]: Command `cli compile` failed at 16:29:19.861855 after 0.05 seconds
[0m16:29:19.862364 [debug] [MainThread]: Sending event: {'category': 'dbt', 'action': 'invocation', 'label': 'end', 'context': [<snowplow_tracker.self_describing_json.SelfDescribingJson object at 0x00000208F512F150>, <snowplow_tracker.self_describing_json.SelfDescribingJson object at 0x00000208F512C6D0>, <snowplow_tracker.self_describing_json.SelfDescribingJson object at 0x00000208EEB40750>]}
[0m16:29:19.862364 [debug] [MainThread]: Flushing usage events
[0m16:39:34.399102 [debug] [MainThread]: Sending event: {'category': 'dbt', 'action': 'invocation', 'label': 'start', 'context': [<snowplow_tracker.self_describing_json.SelfDescribingJson object at 0x000002D3A8CB1010>, <snowplow_tracker.self_describing_json.SelfDescribingJson object at 0x000002D3A8845DD0>, <snowplow_tracker.self_describing_json.SelfDescribingJson object at 0x000002D3A8BA9B90>]}


============================== 16:39:34.399102 | 9bf3d8b9-40fb-4a92-94f1-b9eab1424870 ==============================
[0m16:39:34.399102 [info ] [MainThread]: Running with dbt=1.5.2
[0m16:39:34.399102 [debug] [MainThread]: running dbt with arguments {'printer_width': '80', 'indirect_selection': 'eager', 'write_json': 'True', 'log_cache_events': 'False', 'partial_parse': 'True', 'cache_selected_only': 'False', 'profiles_dir': 'C:\\Users\\c.mettler\\.dbt', 'version_check': 'True', 'fail_fast': 'False', 'log_path': 'c:\\Users\\c.mettler\\source\\repos\\datavault4dbt\\logs', 'debug': 'False', 'warn_error': 'None', 'use_colors': 'True', 'use_experimental_parser': 'False', 'no_print': 'None', 'quiet': 'False', 'log_format': 'default', 'static_parser': 'True', 'introspect': 'True', 'warn_error_options': 'WarnErrorOptions(include=[], exclude=[])', 'target_path': 'None', 'send_anonymous_usage_stats': 'True'}
[0m16:39:34.399102 [error] [MainThread]: Encountered an error:
Runtime Error
  Could not find profile named 'datavault4dbt'
[0m16:39:34.413612 [debug] [MainThread]: Command `cli compile` failed at 16:39:34.399102 after 0.05 seconds
[0m16:39:34.414470 [debug] [MainThread]: Sending event: {'category': 'dbt', 'action': 'invocation', 'label': 'end', 'context': [<snowplow_tracker.self_describing_json.SelfDescribingJson object at 0x000002D3A8C91910>, <snowplow_tracker.self_describing_json.SelfDescribingJson object at 0x000002D3A88DAA50>, <snowplow_tracker.self_describing_json.SelfDescribingJson object at 0x000002D3A91E7690>]}
[0m16:39:34.414470 [debug] [MainThread]: Flushing usage events
